  Source.cpp
  Source1.cpp
  Source2.cpp
C:\Users\hp\source\repos\smfl project\smfl project\Source2.cpp(138,69): warning C4244: 'argument': conversion from 'double' to 'T', possible loss of data
          with
          [
              T=int
          ]
C:\Users\hp\source\repos\smfl project\smfl project\Source2.cpp(191,23): warning C4244: '*=': conversion from 'double' to 'int', possible loss of data
C:\Users\hp\source\repos\smfl project\smfl project\Source2.cpp(192,24): warning C4244: '*=': conversion from 'double' to 'int', possible loss of data
C:\Users\hp\source\repos\smfl project\smfl project\Source2.cpp(193,31): warning C4244: '*=': conversion from 'double' to 'int', possible loss of data
C:\Users\hp\source\repos\smfl project\smfl project\Source2.cpp(196,23): warning C4244: '*=': conversion from 'double' to 'int', possible loss of data
C:\Users\hp\source\repos\smfl project\smfl project\Source2.cpp(197,24): warning C4244: '*=': conversion from 'double' to 'int', possible loss of data
C:\Users\hp\source\repos\smfl project\smfl project\Source2.cpp(198,31): warning C4244: '*=': conversion from 'double' to 'int', possible loss of data
C:\Users\hp\source\repos\smfl project\smfl project\Source2.cpp(201,23): warning C4244: '*=': conversion from 'double' to 'int', possible loss of data
C:\Users\hp\source\repos\smfl project\smfl project\Source2.cpp(202,24): warning C4244: '*=': conversion from 'double' to 'int', possible loss of data
C:\Users\hp\source\repos\smfl project\smfl project\Source2.cpp(203,31): warning C4244: '*=': conversion from 'double' to 'int', possible loss of data
C:\Users\hp\source\repos\smfl project\smfl project\Source2.cpp(224,48): warning C4305: 'argument': truncation from 'double' to 'T'
          with
          [
              T=float
          ]
C:\Users\hp\source\repos\smfl project\smfl project\Source2.cpp(311,46): warning C4244: 'argument': conversion from 'int' to 'float', possible loss of data
C:\Users\hp\source\repos\smfl project\smfl project\Source2.cpp(311,33): warning C4244: 'argument': conversion from 'int' to 'float', possible loss of data
C:\Users\hp\source\repos\smfl project\smfl project\Source2.cpp(572,33): warning C4305: 'argument': truncation from 'double' to 'float'
C:\Users\hp\source\repos\smfl project\smfl project\Source2.cpp(584,39): warning C4244: 'argument': conversion from 'int' to 'T', possible loss of data
          with
          [
              T=float
          ]
  Generating Code...
Source2.obj : error LNK2019: unresolved external symbol "__declspec(dllimport) public: __thiscall sf::String::String(char,class std::locale const &)" (__imp_??0String@sf@@QAE@DABVlocale@std@@@Z) referenced in function "void __cdecl apple_counter(int)" (?apple_counter@@YAXH@Z)
Source2.obj : error LNK2019: unresolved external symbol "__declspec(dllimport) public: __thiscall sf::String::String(char const *,class std::locale const &)" (__imp_??0String@sf@@QAE@PBDABVlocale@std@@@Z) referenced in function "void __cdecl `dynamic initializer for 'window''(void)" (??__Ewindow@@YAXXZ)
Source2.obj : error LNK2019: unresolved external symbol "__declspec(dllimport) public: __thiscall sf::String::~String(void)" (__imp_??1String@sf@@QAE@XZ) referenced in function "void __cdecl `dynamic initializer for 'window''(void)" (??__Ewindow@@YAXXZ)
Source2.obj : error LNK2019: unresolved external symbol "__declspec(dllimport) public: static bool __cdecl sf::Keyboard::isKeyPressed(enum sf::Keyboard::Key)" (__imp_?isKeyPressed@Keyboard@sf@@SA_NW4Key@12@@Z) referenced in function "void __cdecl collision(class sf::CircleShape,int &,struct Check &,class sf::CircleShape,class sf::RectangleShape,class sf::RectangleShape,class sf::RectangleShape)" (?collision@@YAXVCircleShape@sf@@AAHAAUCheck@@0VRectangleShape@2@33@Z)
Source2.obj : error LNK2019: unresolved external symbol "__declspec(dllimport) public: static bool __cdecl sf::Mouse::isButtonPressed(enum sf::Mouse::Button)" (__imp_?isButtonPressed@Mouse@sf@@SA_NW4Button@12@@Z) referenced in function "void __cdecl collision(class sf::CircleShape,int &,struct Check &,class sf::CircleShape,class sf::RectangleShape,class sf::RectangleShape,class sf::RectangleShape)" (?collision@@YAXVCircleShape@sf@@AAHAAUCheck@@0VRectangleShape@2@33@Z)
Source2.obj : error LNK2019: unresolved external symbol "__declspec(dllimport) public: static class sf::Vector2<int> __cdecl sf::Mouse::getPosition(class sf::Window const &)" (__imp_?getPosition@Mouse@sf@@SA?AV?$Vector2@H@2@ABVWindow@2@@Z) referenced in function "void __cdecl collision(class sf::CircleShape,int &,struct Check &,class sf::CircleShape,class sf::RectangleShape,class sf::RectangleShape,class sf::RectangleShape)" (?collision@@YAXVCircleShape@sf@@AAHAAUCheck@@0VRectangleShape@2@33@Z)
Source2.obj : error LNK2019: unresolved external symbol "__declspec(dllimport) public: __thiscall sf::VideoMode::VideoMode(unsigned int,unsigned int,unsigned int)" (__imp_??0VideoMode@sf@@QAE@III@Z) referenced in function "void __cdecl `dynamic initializer for 'window''(void)" (??__Ewindow@@YAXXZ)
Source2.obj : error LNK2019: unresolved external symbol "__declspec(dllimport) public: void __thiscall sf::Window::close(void)" (__imp_?close@Window@sf@@QAEXXZ) referenced in function _main
Source2.obj : error LNK2019: unresolved external symbol "__declspec(dllimport) public: bool __thiscall sf::Window::isOpen(void)const " (__imp_?isOpen@Window@sf@@QBE_NXZ) referenced in function _main
Source2.obj : error LNK2019: unresolved external symbol "__declspec(dllimport) public: bool __thiscall sf::Window::pollEvent(class sf::Event &)" (__imp_?pollEvent@Window@sf@@QAE_NAAVEvent@2@@Z) referenced in function _main
Source2.obj : error LNK2019: unresolved external symbol "__declspec(dllimport) public: void __thiscall sf::Window::setFramerateLimit(unsigned int)" (__imp_?setFramerateLimit@Window@sf@@QAEXI@Z) referenced in function _main
Source2.obj : error LNK2019: unresolved external symbol "__declspec(dllimport) public: void __thiscall sf::Window::display(void)" (__imp_?display@Window@sf@@QAEXXZ) referenced in function "void __cdecl draw(class sf::CircleShape &,int,int &,struct Check &,class sf::CircleShape &,class sf::RectangleShape &,class sf::RectangleShape &,class sf::RectangleShape &,class sf::Texture,class sf::Texture,class sf::Texture)" (?draw@@YAXAAVCircleShape@sf@@HAAHAAUCheck@@0AAVRectangleShape@2@33VTexture@2@44@Z)
Source2.obj : error LNK2019: unresolved external symbol "__declspec(dllimport) public: void __thiscall sf::Transformable::setPosition(float,float)" (__imp_?setPosition@Transformable@sf@@QAEXMM@Z) referenced in function "void __cdecl apple_counter(int)" (?apple_counter@@YAXH@Z)
Source2.obj : error LNK2019: unresolved external symbol "__declspec(dllimport) public: void __thiscall sf::Transformable::setPosition(class sf::Vector2<float> const &)" (__imp_?setPosition@Transformable@sf@@QAEXABV?$Vector2@M@2@@Z) referenced in function "void __cdecl apple_counter(int)" (?apple_counter@@YAXH@Z)
Source2.obj : error LNK2019: unresolved external symbol "__declspec(dllimport) public: void __thiscall sf::Transformable::setRotation(float)" (__imp_?setRotation@Transformable@sf@@QAEXM@Z) referenced in function "void __cdecl set_rotation(int,int,class sf::Texture,class sf::Texture,class sf::Texture,int)" (?set_rotation@@YAXHHVTexture@sf@@00H@Z)
Source2.obj : error LNK2019: unresolved external symbol "__declspec(dllimport) public: void __thiscall sf::Transformable::setScale(float,float)" (__imp_?setScale@Transformable@sf@@QAEXMM@Z) referenced in function "void __cdecl sizenposition(int)" (?sizenposition@@YAXH@Z)
Source2.obj : error LNK2019: unresolved external symbol "__declspec(dllimport) public: void __thiscall sf::Transformable::setScale(class sf::Vector2<float> const &)" (__imp_?setScale@Transformable@sf@@QAEXABV?$Vector2@M@2@@Z) referenced in function "void __cdecl draw(class sf::CircleShape &,int,int &,struct Check &,class sf::CircleShape &,class sf::RectangleShape &,class sf::RectangleShape &,class sf::RectangleShape &,class sf::Texture,class sf::Texture,class sf::Texture)" (?draw@@YAXAAVCircleShape@sf@@HAAHAAUCheck@@0AAVRectangleShape@2@33VTexture@2@44@Z)
Source2.obj : error LNK2019: unresolved external symbol "__declspec(dllimport) public: void __thiscall sf::Transformable::setOrigin(float,float)" (__imp_?setOrigin@Transformable@sf@@QAEXMM@Z) referenced in function "void __cdecl sizenposition(int)" (?sizenposition@@YAXH@Z)
Source2.obj : error LNK2019: unresolved external symbol "__declspec(dllimport) public: void __thiscall sf::Transformable::setOrigin(class sf::Vector2<float> const &)" (__imp_?setOrigin@Transformable@sf@@QAEXABV?$Vector2@M@2@@Z) referenced in function "void __cdecl set_rotation(int,int,class sf::Texture,class sf::Texture,class sf::Texture,int)" (?set_rotation@@YAXHHVTexture@sf@@00H@Z)
Source2.obj : error LNK2019: unresolved external symbol "__declspec(dllimport) public: class sf::Vector2<float> const & __thiscall sf::Transformable::getPosition(void)const " (__imp_?getPosition@Transformable@sf@@QBEABV?$Vector2@M@2@XZ) referenced in function "void __cdecl collision(class sf::CircleShape,int &,struct Check &,class sf::CircleShape,class sf::RectangleShape,class sf::RectangleShape,class sf::RectangleShape)" (?collision@@YAXVCircleShape@sf@@AAHAAUCheck@@0VRectangleShape@2@33@Z)
Source2.obj : error LNK2019: unresolved external symbol "__declspec(dllimport) public: void __thiscall sf::Transformable::move(float,float)" (__imp_?move@Transformable@sf@@QAEXMM@Z) referenced in function "void __cdecl changexny(void)" (?changexny@@YAXXZ)
Source2.obj : error LNK2019: unresolved external symbol "__declspec(dllimport) public: __thiscall sf::Color::Color(unsigned char,unsigned char,unsigned char,unsigned char)" (__imp_??0Color@sf@@QAE@EEEE@Z) referenced in function "void __cdecl draw(class sf::CircleShape &,int,int &,struct Check &,class sf::CircleShape &,class sf::RectangleShape &,class sf::RectangleShape &,class sf::RectangleShape &,class sf::Texture,class sf::Texture,class sf::Texture)" (?draw@@YAXAAVCircleShape@sf@@HAAHAAUCheck@@0AAVRectangleShape@2@33VTexture@2@44@Z)
Source2.obj : error LNK2019: unresolved external symbol "__declspec(dllimport) public: void __thiscall sf::Shape::setTexture(class sf::Texture const *,bool)" (__imp_?setTexture@Shape@sf@@QAEXPBVTexture@2@_N@Z) referenced in function "void __cdecl set_texture(int,class sf::Texture,class sf::Texture,class sf::Texture)" (?set_texture@@YAXHVTexture@sf@@00@Z)
Source2.obj : error LNK2019: unresolved external symbol "__declspec(dllimport) public: void __thiscall sf::Shape::setFillColor(class sf::Color const &)" (__imp_?setFillColor@Shape@sf@@QAEXABVColor@2@@Z) referenced in function "void __cdecl draw_restart_icon(class sf::RectangleShape &)" (?draw_restart_icon@@YAXAAVRectangleShape@sf@@@Z)
Source2.obj : error LNK2019: unresolved external symbol "__declspec(dllimport) public: class sf::Texture const * __thiscall sf::Shape::getTexture(void)const " (__imp_?getTexture@Shape@sf@@QBEPBVTexture@2@XZ) referenced in function "void __cdecl set_rotation(int,int,class sf::Texture,class sf::Texture,class sf::Texture,int)" (?set_rotation@@YAXHHVTexture@sf@@00H@Z)
Source2.obj : error LNK2019: unresolved external symbol "__declspec(dllimport) public: class sf::Rect<float> __thiscall sf::Shape::getGlobalBounds(void)const " (__imp_?getGlobalBounds@Shape@sf@@QBE?AV?$Rect@M@2@XZ) referenced in function "void __cdecl collision(class sf::CircleShape,int &,struct Check &,class sf::CircleShape,class sf::RectangleShape,class sf::RectangleShape,class sf::RectangleShape)" (?collision@@YAXVCircleShape@sf@@AAHAAUCheck@@0VRectangleShape@2@33@Z)
Source2.obj : error LNK2019: unresolved external symbol "__declspec(dllimport) public: __thiscall sf::CircleShape::CircleShape(float,unsigned int)" (__imp_??0CircleShape@sf@@QAE@MI@Z) referenced in function _main
Source2.obj : error LNK2019: unresolved external symbol "__declspec(dllimport) public: void __thiscall sf::CircleShape::setRadius(float)" (__imp_?setRadius@CircleShape@sf@@QAEXM@Z) referenced in function "void __cdecl randapple(class sf::CircleShape &,struct Check &,int)" (?randapple@@YAXAAVCircleShape@sf@@AAUCheck@@H@Z)
Source2.obj : error LNK2019: unresolved external symbol "__declspec(dllimport) public: virtual __thiscall sf::CircleShape::~CircleShape(void)" (__imp_??1CircleShape@sf@@UAE@XZ) referenced in function "void __cdecl collision(class sf::CircleShape,int &,struct Check &,class sf::CircleShape,class sf::RectangleShape,class sf::RectangleShape,class sf::RectangleShape)" (?collision@@YAXVCircleShape@sf@@AAHAAUCheck@@0VRectangleShape@2@33@Z)
Source2.obj : error LNK2019: unresolved external symbol "__declspec(dllimport) public: __thiscall sf::CircleShape::CircleShape(class sf::CircleShape const &)" (__imp_??0CircleShape@sf@@QAE@ABV01@@Z) referenced in function _main
Source2.obj : error LNK2019: unresolved external symbol "__declspec(dllimport) public: __thiscall sf::Texture::Texture(void)" (__imp_??0Texture@sf@@QAE@XZ) referenced in function "void __cdecl `dynamic initializer for 'Background_texture''(void)" (??__EBackground_texture@@YAXXZ)
Source2.obj : error LNK2019: unresolved external symbol "__declspec(dllimport) public: __thiscall sf::Texture::Texture(class sf::Texture const &)" (__imp_??0Texture@sf@@QAE@ABV01@@Z) referenced in function "void __cdecl draw(class sf::CircleShape &,int,int &,struct Check &,class sf::CircleShape &,class sf::RectangleShape &,class sf::RectangleShape &,class sf::RectangleShape &,class sf::Texture,class sf::Texture,class sf::Texture)" (?draw@@YAXAAVCircleShape@sf@@HAAHAAUCheck@@0AAVRectangleShape@2@33VTexture@2@44@Z)
Source2.obj : error LNK2019: unresolved external symbol "__declspec(dllimport) public: __thiscall sf::Texture::~Texture(void)" (__imp_??1Texture@sf@@QAE@XZ) referenced in function "void __cdecl `dynamic atexit destructor for 'Background_texture''(void)" (??__FBackground_texture@@YAXXZ)
Source2.obj : error LNK2019: unresolved external symbol "__declspec(dllimport) public: bool __thiscall sf::Texture::loadFromFile(class std::basic_string<char,struct std::char_traits<char>,class std::allocator<char> > const &,class sf::Rect<int> const &)" (__imp_?loadFromFile@Texture@sf@@QAE_NABV?$basic_string@DU?$char_traits@D@std@@V?$allocator@D@2@@std@@ABV?$Rect@H@2@@Z) referenced in function _main
Source2.obj : error LNK2019: unresolved external symbol "__declspec(dllimport) public: void __thiscall sf::Texture::setSmooth(bool)" (__imp_?setSmooth@Texture@sf@@QAEX_N@Z) referenced in function _main
Source2.obj : error LNK2019: unresolved external symbol "__declspec(dllimport) public: __thiscall sf::Font::Font(void)" (__imp_??0Font@sf@@QAE@XZ) referenced in function "void __cdecl apple_counter(int)" (?apple_counter@@YAXH@Z)
Source2.obj : error LNK2019: unresolved external symbol "__declspec(dllimport) public: __thiscall sf::Font::~Font(void)" (__imp_??1Font@sf@@QAE@XZ) referenced in function "void __cdecl apple_counter(int)" (?apple_counter@@YAXH@Z)
Source2.obj : error LNK2019: unresolved external symbol "__declspec(dllimport) public: bool __thiscall sf::Font::loadFromFile(class std::basic_string<char,struct std::char_traits<char>,class std::allocator<char> > const &)" (__imp_?loadFromFile@Font@sf@@QAE_NABV?$basic_string@DU?$char_traits@D@std@@V?$allocator@D@2@@std@@@Z) referenced in function "void __cdecl apple_counter(int)" (?apple_counter@@YAXH@Z)
Source2.obj : error LNK2019: unresolved external symbol "__declspec(dllimport) public: __thiscall sf::RectangleShape::RectangleShape(class sf::Vector2<float> const &)" (__imp_??0RectangleShape@sf@@QAE@ABV?$Vector2@M@1@@Z) referenced in function _main
Source2.obj : error LNK2019: unresolved external symbol "__declspec(dllimport) public: void __thiscall sf::RectangleShape::setSize(class sf::Vector2<float> const &)" (__imp_?setSize@RectangleShape@sf@@QAEXABV?$Vector2@M@2@@Z) referenced in function "void __cdecl draw_pause_icon(class sf::RectangleShape &)" (?draw_pause_icon@@YAXAAVRectangleShape@sf@@@Z)
Source2.obj : error LNK2019: unresolved external symbol "__declspec(dllimport) public: virtual __thiscall sf::RectangleShape::~RectangleShape(void)" (__imp_??1RectangleShape@sf@@UAE@XZ) referenced in function "void __cdecl `dynamic initializer for 'snake''(void)" (??__Esnake@@YAXXZ)
Source2.obj : error LNK2019: unresolved external symbol "__declspec(dllimport) public: __thiscall sf::RectangleShape::RectangleShape(class sf::RectangleShape const &)" (__imp_??0RectangleShape@sf@@QAE@ABV01@@Z) referenced in function _main
Source2.obj : error LNK2019: unresolved external symbol "__declspec(dllimport) public: void __thiscall sf::RectangleShape::`default constructor closure'(void)" (__imp_??_FRectangleShape@sf@@QAEXXZ) referenced in function "void __cdecl `dynamic initializer for 'snake''(void)" (??__Esnake@@YAXXZ)
Source2.obj : error LNK2019: unresolved external symbol "__declspec(dllimport) public: void __thiscall sf::RenderTarget::clear(class sf::Color const &)" (__imp_?clear@RenderTarget@sf@@QAEXABVColor@2@@Z) referenced in function "void __cdecl draw(class sf::CircleShape &,int,int &,struct Check &,class sf::CircleShape &,class sf::RectangleShape &,class sf::RectangleShape &,class sf::RectangleShape &,class sf::Texture,class sf::Texture,class sf::Texture)" (?draw@@YAXAAVCircleShape@sf@@HAAHAAUCheck@@0AAVRectangleShape@2@33VTexture@2@44@Z)
Source2.obj : error LNK2019: unresolved external symbol "__declspec(dllimport) public: void __thiscall sf::RenderTarget::draw(class sf::Drawable const &,class sf::RenderStates const &)" (__imp_?draw@RenderTarget@sf@@QAEXABVDrawable@2@ABVRenderStates@2@@Z) referenced in function "void __cdecl apple_counter(int)" (?apple_counter@@YAXH@Z)
Source2.obj : error LNK2019: unresolved external symbol "__declspec(dllimport) public: __thiscall sf::RenderWindow::RenderWindow(class sf::VideoMode,class sf::String const &,unsigned int,struct sf::ContextSettings const &)" (__imp_??0RenderWindow@sf@@QAE@VVideoMode@1@ABVString@1@IABUContextSettings@1@@Z) referenced in function "void __cdecl `dynamic initializer for 'window''(void)" (??__Ewindow@@YAXXZ)
Source2.obj : error LNK2019: unresolved external symbol "__declspec(dllimport) public: virtual __thiscall sf::RenderWindow::~RenderWindow(void)" (__imp_??1RenderWindow@sf@@UAE@XZ) referenced in function "void __cdecl `dynamic atexit destructor for 'window''(void)" (??__Fwindow@@YAXXZ)
Source2.obj : error LNK2019: unresolved external symbol "__declspec(dllimport) public: virtual class sf::Vector2<unsigned int> __thiscall sf::RenderWindow::getSize(void)const " (__imp_?getSize@RenderWindow@sf@@UBE?AV?$Vector2@I@2@XZ) referenced in function "void __cdecl movement(struct Check &,int)" (?movement@@YAXAAUCheck@@H@Z)
Source2.obj : error LNK2019: unresolved external symbol "__declspec(dllimport) public: __thiscall sf::Sprite::Sprite(void)" (__imp_??0Sprite@sf@@QAE@XZ) referenced in function "void __cdecl `dynamic initializer for 'Background''(void)" (??__EBackground@@YAXXZ)
Source2.obj : error LNK2019: unresolved external symbol "__declspec(dllimport) public: void __thiscall sf::Sprite::setTexture(class sf::Texture const &,bool)" (__imp_?setTexture@Sprite@sf@@QAEXABVTexture@2@_N@Z) referenced in function _main
Source2.obj : error LNK2019: unresolved external symbol "__declspec(dllimport) public: class sf::Rect<float> __thiscall sf::Sprite::getGlobalBounds(void)const " (__imp_?getGlobalBounds@Sprite@sf@@QBE?AV?$Rect@M@2@XZ) referenced in function "void __cdecl collision(class sf::CircleShape,int &,struct Check &,class sf::CircleShape,class sf::RectangleShape,class sf::RectangleShape,class sf::RectangleShape)" (?collision@@YAXVCircleShape@sf@@AAHAAUCheck@@0VRectangleShape@2@33@Z)
Source2.obj : error LNK2019: unresolved external symbol "__declspec(dllimport) public: virtual __thiscall sf::Sprite::~Sprite(void)" (__imp_??1Sprite@sf@@UAE@XZ) referenced in function "void __cdecl `dynamic atexit destructor for 'Background''(void)" (??__FBackground@@YAXXZ)
Source2.obj : error LNK2019: unresolved external symbol "__declspec(dllimport) public: __thiscall sf::Text::Text(void)" (__imp_??0Text@sf@@QAE@XZ) referenced in function "void __cdecl `dynamic initializer for 'text''(void)" (??__Etext@@YAXXZ)
Source2.obj : error LNK2019: unresolved external symbol "__declspec(dllimport) public: void __thiscall sf::Text::setString(class sf::String const &)" (__imp_?setString@Text@sf@@QAEXABVString@2@@Z) referenced in function "void __cdecl apple_counter(int)" (?apple_counter@@YAXH@Z)
Source2.obj : error LNK2019: unresolved external symbol "__declspec(dllimport) public: void __thiscall sf::Text::setFont(class sf::Font const &)" (__imp_?setFont@Text@sf@@QAEXABVFont@2@@Z) referenced in function "void __cdecl apple_counter(int)" (?apple_counter@@YAXH@Z)
Source2.obj : error LNK2019: unresolved external symbol "__declspec(dllimport) public: void __thiscall sf::Text::setCharacterSize(unsigned int)" (__imp_?setCharacterSize@Text@sf@@QAEXI@Z) referenced in function "void __cdecl apple_counter(int)" (?apple_counter@@YAXH@Z)
Source2.obj : error LNK2019: unresolved external symbol "__declspec(dllimport) public: void __thiscall sf::Text::setFillColor(class sf::Color const &)" (__imp_?setFillColor@Text@sf@@QAEXABVColor@2@@Z) referenced in function "void __cdecl apple_counter(int)" (?apple_counter@@YAXH@Z)
Source2.obj : error LNK2019: unresolved external symbol "__declspec(dllimport) public: void __thiscall sf::Text::setOutlineColor(class sf::Color const &)" (__imp_?setOutlineColor@Text@sf@@QAEXABVColor@2@@Z) referenced in function "void __cdecl apple_counter(int)" (?apple_counter@@YAXH@Z)
Source2.obj : error LNK2019: unresolved external symbol "__declspec(dllimport) public: void __thiscall sf::Text::setOutlineThickness(float)" (__imp_?setOutlineThickness@Text@sf@@QAEXM@Z) referenced in function "void __cdecl apple_counter(int)" (?apple_counter@@YAXH@Z)
Source2.obj : error LNK2019: unresolved external symbol "__declspec(dllimport) public: virtual __thiscall sf::Text::~Text(void)" (__imp_??1Text@sf@@UAE@XZ) referenced in function "void __cdecl `dynamic atexit destructor for 'text''(void)" (??__Ftext@@YAXXZ)
Source2.obj : error LNK2019: unresolved external symbol "__declspec(dllimport) public: __thiscall sf::Sound::Sound(void)" (__imp_??0Sound@sf@@QAE@XZ) referenced in function "void __cdecl `dynamic initializer for 'apple_eating_sound''(void)" (??__Eapple_eating_sound@@YAXXZ)
Source2.obj : error LNK2019: unresolved external symbol "__declspec(dllimport) public: virtual __thiscall sf::Sound::~Sound(void)" (__imp_??1Sound@sf@@UAE@XZ) referenced in function "void __cdecl `dynamic atexit destructor for 'apple_eating_sound''(void)" (??__Fapple_eating_sound@@YAXXZ)
Source2.obj : error LNK2019: unresolved external symbol "__declspec(dllimport) public: virtual void __thiscall sf::Sound::play(void)" (__imp_?play@Sound@sf@@UAEXXZ) referenced in function "void __cdecl collision(class sf::CircleShape,int &,struct Check &,class sf::CircleShape,class sf::RectangleShape,class sf::RectangleShape,class sf::RectangleShape)" (?collision@@YAXVCircleShape@sf@@AAHAAUCheck@@0VRectangleShape@2@33@Z)
Source2.obj : error LNK2019: unresolved external symbol "__declspec(dllimport) public: void __thiscall sf::Sound::setBuffer(class sf::SoundBuffer const &)" (__imp_?setBuffer@Sound@sf@@QAEXABVSoundBuffer@2@@Z) referenced in function _main
Source2.obj : error LNK2019: unresolved external symbol "__declspec(dllimport) public: __thiscall sf::SoundBuffer::SoundBuffer(void)" (__imp_??0SoundBuffer@sf@@QAE@XZ) referenced in function _main
Source2.obj : error LNK2019: unresolved external symbol "__declspec(dllimport) public: __thiscall sf::SoundBuffer::~SoundBuffer(void)" (__imp_??1SoundBuffer@sf@@QAE@XZ) referenced in function _main
Source2.obj : error LNK2019: unresolved external symbol "__declspec(dllimport) public: bool __thiscall sf::SoundBuffer::loadFromFile(class std::basic_string<char,struct std::char_traits<char>,class std::allocator<char> > const &)" (__imp_?loadFromFile@SoundBuffer@sf@@QAE_NABV?$basic_string@DU?$char_traits@D@std@@V?$allocator@D@2@@std@@@Z) referenced in function _main
Source2.obj : error LNK2019: unresolved external symbol "__declspec(dllimport) public: static class sf::RenderStates const sf::RenderStates::Default" (__imp_?Default@RenderStates@sf@@2V12@B) referenced in function "void __cdecl apple_counter(int)" (?apple_counter@@YAXH@Z)
Source2.obj : error LNK2019: unresolved external symbol "__declspec(dllimport) public: static class sf::Color const sf::Color::Black" (__imp_?Black@Color@sf@@2V12@B) referenced in function "void __cdecl apple_counter(int)" (?apple_counter@@YAXH@Z)
Source2.obj : error LNK2019: unresolved external symbol "__declspec(dllimport) public: static class sf::Color const sf::Color::White" (__imp_?White@Color@sf@@2V12@B) referenced in function "void __cdecl apple_counter(int)" (?apple_counter@@YAXH@Z)
Source2.obj : error LNK2019: unresolved external symbol "__declspec(dllimport) public: static class sf::Color const sf::Color::Red" (__imp_?Red@Color@sf@@2V12@B) referenced in function "void __cdecl set_color(int,int,int)" (?set_color@@YAXHHH@Z)
Source2.obj : error LNK2019: unresolved external symbol "__declspec(dllimport) public: static class sf::Color const sf::Color::Green" (__imp_?Green@Color@sf@@2V12@B) referenced in function "void __cdecl set_color(int,int,int)" (?set_color@@YAXHHH@Z)
C:\Users\hp\Downloads\SFML-2.5.1-windows-vc15-64-bit\SFML-2.5.1\lib\sfml-system-d.lib : warning LNK4272: library machine type 'x64' conflicts with target machine type 'x86'
C:\Users\hp\Downloads\SFML-2.5.1-windows-vc15-64-bit\SFML-2.5.1\lib\sfml-graphics-d.lib : warning LNK4272: library machine type 'x64' conflicts with target machine type 'x86'
C:\Users\hp\Downloads\SFML-2.5.1-windows-vc15-64-bit\SFML-2.5.1\lib\sfml-window-d.lib : warning LNK4272: library machine type 'x64' conflicts with target machine type 'x86'
C:\Users\hp\Downloads\SFML-2.5.1-windows-vc15-64-bit\SFML-2.5.1\lib\sfml-audio-d.lib : warning LNK4272: library machine type 'x64' conflicts with target machine type 'x86'
C:\Users\hp\source\repos\smfl project\Debug\smfl project.exe : fatal error LNK1120: 72 unresolved externals
